{"total": {"lines":{"total":9995,"covered":5377,"skipped":0,"pct":53.79},"statements":{"total":10654,"covered":5623,"skipped":0,"pct":52.77},"functions":{"total":1031,"covered":627,"skipped":0,"pct":60.81},"branches":{"total":6794,"covered":2955,"skipped":0,"pct":43.49},"branchesTrue":{"total":0,"covered":0,"skipped":0,"pct":100}}
,"/home/syrokomskyi/projects/warpgogol/werkstatt/packages/forge/os/adr/adr.module.ts": {"lines":{"total":5,"covered":0,"skipped":0,"pct":0},"functions":{"total":1,"covered":0,"skipped":0,"pct":0},"statements":{"total":5,"covered":0,"skipped":0,"pct":0},"branches":{"total":0,"covered":0,"skipped":0,"pct":100}}
,"/home/syrokomskyi/projects/warpgogol/werkstatt/packages/forge/os/adr/frontmatter-io.ts": {"lines":{"total":21,"covered":19,"skipped":0,"pct":90.47},"functions":{"total":5,"covered":5,"skipped":0,"pct":100},"statements":{"total":21,"covered":19,"skipped":0,"pct":90.47},"branches":{"total":16,"covered":12,"skipped":0,"pct":75}}
,"/home/syrokomskyi/projects/warpgogol/werkstatt/packages/forge/os/adr/types.ts": {"lines":{"total":9,"covered":9,"skipped":0,"pct":100},"functions":{"total":0,"covered":0,"skipped":0,"pct":100},"statements":{"total":9,"covered":9,"skipped":0,"pct":100},"branches":{"total":0,"covered":0,"skipped":0,"pct":100}}
,"/home/syrokomskyi/projects/warpgogol/werkstatt/packages/forge/os/adr/handlers/archive.ts": {"lines":{"total":80,"covered":0,"skipped":0,"pct":0},"functions":{"total":1,"covered":0,"skipped":0,"pct":0},"statements":{"total":80,"covered":0,"skipped":0,"pct":0},"branches":{"total":59,"covered":0,"skipped":0,"pct":0}}
,"/home/syrokomskyi/projects/warpgogol/werkstatt/packages/forge/os/adr/handlers/implement-stamp.ts": {"lines":{"total":103,"covered":88,"skipped":0,"pct":85.43},"functions":{"total":16,"covered":16,"skipped":0,"pct":100},"statements":{"total":106,"covered":91,"skipped":0,"pct":85.84},"branches":{"total":46,"covered":35,"skipped":0,"pct":76.08}}
,"/home/syrokomskyi/projects/warpgogol/werkstatt/packages/forge/os/adr/handlers/list-create.ts": {"lines":{"total":100,"covered":0,"skipped":0,"pct":0},"functions":{"total":6,"covered":0,"skipped":0,"pct":0},"statements":{"total":110,"covered":0,"skipped":0,"pct":0},"branches":{"total":60,"covered":0,"skipped":0,"pct":0}}
,"/home/syrokomskyi/projects/warpgogol/werkstatt/packages/forge/os/adr/handlers/validate.ts": {"lines":{"total":171,"covered":111,"skipped":0,"pct":64.91},"functions":{"total":18,"covered":15,"skipped":0,"pct":83.33},"statements":{"total":184,"covered":116,"skipped":0,"pct":63.04},"branches":{"total":161,"covered":69,"skipped":0,"pct":42.85}}
,"/home/syrokomskyi/projects/warpgogol/werkstatt/packages/forge/os/audit/audit.module.ts": {"lines":{"total":2,"covered":0,"skipped":0,"pct":0},"functions":{"total":1,"covered":0,"skipped":0,"pct":0},"statements":{"total":2,"covered":0,"skipped":0,"pct":0},"branches":{"total":0,"covered":0,"skipped":0,"pct":100}}
,"/home/syrokomskyi/projects/warpgogol/werkstatt/packages/forge/os/audit/frontmatter-io.ts": {"lines":{"total":22,"covered":0,"skipped":0,"pct":0},"functions":{"total":5,"covered":0,"skipped":0,"pct":0},"statements":{"total":22,"covered":0,"skipped":0,"pct":0},"branches":{"total":19,"covered":0,"skipped":0,"pct":0}}
,"/home/syrokomskyi/projects/warpgogol/werkstatt/packages/forge/os/audit/types.ts": {"lines":{"total":2,"covered":0,"skipped":0,"pct":0},"functions":{"total":0,"covered":0,"skipped":0,"pct":100},"statements":{"total":2,"covered":0,"skipped":0,"pct":0},"branches":{"total":0,"covered":0,"skipped":0,"pct":100}}
,"/home/syrokomskyi/projects/warpgogol/werkstatt/packages/forge/os/audit/handlers/archive.ts": {"lines":{"total":83,"covered":0,"skipped":0,"pct":0},"functions":{"total":1,"covered":0,"skipped":0,"pct":0},"statements":{"total":83,"covered":0,"skipped":0,"pct":0},"branches":{"total":57,"covered":0,"skipped":0,"pct":0}}
,"/home/syrokomskyi/projects/warpgogol/werkstatt/packages/forge/os/compass/compass.module.ts": {"lines":{"total":2,"covered":0,"skipped":0,"pct":0},"functions":{"total":0,"covered":0,"skipped":0,"pct":100},"statements":{"total":2,"covered":0,"skipped":0,"pct":0},"branches":{"total":0,"covered":0,"skipped":0,"pct":100}}
,"/home/syrokomskyi/projects/warpgogol/werkstatt/packages/forge/os/compass/handlers/compass-audit-handler.ts": {"lines":{"total":112,"covered":0,"skipped":0,"pct":0},"functions":{"total":18,"covered":0,"skipped":0,"pct":0},"statements":{"total":119,"covered":0,"skipped":0,"pct":0},"branches":{"total":66,"covered":0,"skipped":0,"pct":0}}
,"/home/syrokomskyi/projects/warpgogol/werkstatt/packages/forge/os/compass/handlers/compass-change-summary-handler.ts": {"lines":{"total":109,"covered":0,"skipped":0,"pct":0},"functions":{"total":11,"covered":0,"skipped":0,"pct":0},"statements":{"total":118,"covered":0,"skipped":0,"pct":0},"branches":{"total":60,"covered":0,"skipped":0,"pct":0}}
,"/home/syrokomskyi/projects/warpgogol/werkstatt/packages/forge/os/compass/handlers/compass-inventory-handler.ts": {"lines":{"total":190,"covered":60,"skipped":0,"pct":31.57},"functions":{"total":9,"covered":5,"skipped":0,"pct":55.55},"statements":{"total":197,"covered":62,"skipped":0,"pct":31.47},"branches":{"total":136,"covered":27,"skipped":0,"pct":19.85}}
,"/home/syrokomskyi/projects/warpgogol/werkstatt/packages/forge/os/compass/handlers/compass-inventory.ts": {"lines":{"total":200,"covered":152,"skipped":0,"pct":76},"functions":{"total":28,"covered":26,"skipped":0,"pct":92.85},"statements":{"total":223,"covered":156,"skipped":0,"pct":69.95},"branches":{"total":192,"covered":108,"skipped":0,"pct":56.25}}
,"/home/syrokomskyi/projects/warpgogol/werkstatt/packages/forge/os/compass/handlers/git-revision.ts": {"lines":{"total":41,"covered":0,"skipped":0,"pct":0},"functions":{"total":6,"covered":0,"skipped":0,"pct":0},"statements":{"total":41,"covered":0,"skipped":0,"pct":0},"branches":{"total":7,"covered":0,"skipped":0,"pct":0}}
,"/home/syrokomskyi/projects/warpgogol/werkstatt/packages/forge/os/compass/handlers/resolve-scan-root.ts": {"lines":{"total":26,"covered":15,"skipped":0,"pct":57.69},"functions":{"total":2,"covered":1,"skipped":0,"pct":50},"statements":{"total":26,"covered":15,"skipped":0,"pct":57.69},"branches":{"total":30,"covered":18,"skipped":0,"pct":60}}
,"/home/syrokomskyi/projects/warpgogol/werkstatt/packages/forge/os/core/core.module.ts": {"lines":{"total":135,"covered":0,"skipped":0,"pct":0},"functions":{"total":10,"covered":0,"skipped":0,"pct":0},"statements":{"total":137,"covered":0,"skipped":0,"pct":0},"branches":{"total":94,"covered":0,"skipped":0,"pct":0}}
,"/home/syrokomskyi/projects/warpgogol/werkstatt/packages/forge/os/core/handlers/assets-check.ts": {"lines":{"total":32,"covered":31,"skipped":0,"pct":96.87},"functions":{"total":2,"covered":2,"skipped":0,"pct":100},"statements":{"total":35,"covered":34,"skipped":0,"pct":97.14},"branches":{"total":27,"covered":24,"skipped":0,"pct":88.88}}
,"/home/syrokomskyi/projects/warpgogol/werkstatt/packages/forge/os/core/handlers/assets-helpers.ts": {"lines":{"total":61,"covered":57,"skipped":0,"pct":93.44},"functions":{"total":18,"covered":16,"skipped":0,"pct":88.88},"statements":{"total":67,"covered":60,"skipped":0,"pct":89.55},"branches":{"total":33,"covered":27,"skipped":0,"pct":81.81}}
,"/home/syrokomskyi/projects/warpgogol/werkstatt/packages/forge/os/core/handlers/assets-list.ts": {"lines":{"total":21,"covered":18,"skipped":0,"pct":85.71},"functions":{"total":2,"covered":2,"skipped":0,"pct":100},"statements":{"total":22,"covered":19,"skipped":0,"pct":86.36},"branches":{"total":14,"covered":11,"skipped":0,"pct":78.57}}
,"/home/syrokomskyi/projects/warpgogol/werkstatt/packages/forge/os/core/handlers/build.ts": {"lines":{"total":36,"covered":17,"skipped":0,"pct":47.22},"functions":{"total":5,"covered":4,"skipped":0,"pct":80},"statements":{"total":36,"covered":17,"skipped":0,"pct":47.22},"branches":{"total":22,"covered":6,"skipped":0,"pct":27.27}}
,"/home/syrokomskyi/projects/warpgogol/werkstatt/packages/forge/os/core/handlers/determinism-check.ts": {"lines":{"total":105,"covered":90,"skipped":0,"pct":85.71},"functions":{"total":17,"covered":17,"skipped":0,"pct":100},"statements":{"total":111,"covered":96,"skipped":0,"pct":86.48},"branches":{"total":55,"covered":46,"skipped":0,"pct":83.63}}
,"/home/syrokomskyi/projects/warpgogol/werkstatt/packages/forge/os/core/handlers/dev.ts": {"lines":{"total":25,"covered":14,"skipped":0,"pct":56},"functions":{"total":5,"covered":1,"skipped":0,"pct":20},"statements":{"total":26,"covered":15,"skipped":0,"pct":57.69},"branches":{"total":12,"covered":6,"skipped":0,"pct":50}}
,"/home/syrokomskyi/projects/warpgogol/werkstatt/packages/forge/os/core/handlers/forge-autonomy-validate.ts": {"lines":{"total":52,"covered":52,"skipped":0,"pct":100},"functions":{"total":9,"covered":6,"skipped":0,"pct":66.66},"statements":{"total":60,"covered":54,"skipped":0,"pct":90},"branches":{"total":28,"covered":23,"skipped":0,"pct":82.14}}
,"/home/syrokomskyi/projects/warpgogol/werkstatt/packages/forge/os/core/handlers/knowledge-compact.ts": {"lines":{"total":77,"covered":0,"skipped":0,"pct":0},"functions":{"total":9,"covered":0,"skipped":0,"pct":0},"statements":{"total":82,"covered":0,"skipped":0,"pct":0},"branches":{"total":63,"covered":0,"skipped":0,"pct":0}}
,"/home/syrokomskyi/projects/warpgogol/werkstatt/packages/forge/os/core/handlers/package-health.ts": {"lines":{"total":73,"covered":70,"skipped":0,"pct":95.89},"functions":{"total":6,"covered":6,"skipped":0,"pct":100},"statements":{"total":79,"covered":73,"skipped":0,"pct":92.4},"branches":{"total":70,"covered":55,"skipped":0,"pct":78.57}}
,"/home/syrokomskyi/projects/warpgogol/werkstatt/packages/forge/os/core/handlers/pinned-check.ts": {"lines":{"total":56,"covered":52,"skipped":0,"pct":92.85},"functions":{"total":5,"covered":5,"skipped":0,"pct":100},"statements":{"total":56,"covered":52,"skipped":0,"pct":92.85},"branches":{"total":36,"covered":32,"skipped":0,"pct":88.88}}
,"/home/syrokomskyi/projects/warpgogol/werkstatt/packages/forge/os/core/handlers/pinned-init.ts": {"lines":{"total":63,"covered":57,"skipped":0,"pct":90.47},"functions":{"total":7,"covered":7,"skipped":0,"pct":100},"statements":{"total":65,"covered":59,"skipped":0,"pct":90.76},"branches":{"total":20,"covered":16,"skipped":0,"pct":80}}
,"/home/syrokomskyi/projects/warpgogol/werkstatt/packages/forge/os/core/handlers/pinned-types.ts": {"lines":{"total":0,"covered":0,"skipped":0,"pct":100},"functions":{"total":0,"covered":0,"skipped":0,"pct":100},"statements":{"total":0,"covered":0,"skipped":0,"pct":100},"branches":{"total":0,"covered":0,"skipped":0,"pct":100}}
,"/home/syrokomskyi/projects/warpgogol/werkstatt/packages/forge/os/core/handlers/pinned-validate.ts": {"lines":{"total":91,"covered":0,"skipped":0,"pct":0},"functions":{"total":7,"covered":0,"skipped":0,"pct":0},"statements":{"total":93,"covered":0,"skipped":0,"pct":0},"branches":{"total":72,"covered":0,"skipped":0,"pct":0}}
,"/home/syrokomskyi/projects/warpgogol/werkstatt/packages/forge/os/core/handlers/profile-resolve.ts": {"lines":{"total":27,"covered":24,"skipped":0,"pct":88.88},"functions":{"total":4,"covered":4,"skipped":0,"pct":100},"statements":{"total":28,"covered":25,"skipped":0,"pct":89.28},"branches":{"total":23,"covered":17,"skipped":0,"pct":73.91}}
,"/home/syrokomskyi/projects/warpgogol/werkstatt/packages/forge/os/core/handlers/release-prepare.ts": {"lines":{"total":84,"covered":72,"skipped":0,"pct":85.71},"functions":{"total":9,"covered":5,"skipped":0,"pct":55.55},"statements":{"total":85,"covered":72,"skipped":0,"pct":84.7},"branches":{"total":32,"covered":17,"skipped":0,"pct":53.12}}
,"/home/syrokomskyi/projects/warpgogol/werkstatt/packages/forge/os/core/handlers/release-publish.ts": {"lines":{"total":60,"covered":32,"skipped":0,"pct":53.33},"functions":{"total":4,"covered":3,"skipped":0,"pct":75},"statements":{"total":61,"covered":32,"skipped":0,"pct":52.45},"branches":{"total":34,"covered":8,"skipped":0,"pct":23.52}}
,"/home/syrokomskyi/projects/warpgogol/werkstatt/packages/forge/os/core/handlers/validate.ts": {"lines":{"total":80,"covered":49,"skipped":0,"pct":61.25},"functions":{"total":12,"covered":10,"skipped":0,"pct":83.33},"statements":{"total":83,"covered":50,"skipped":0,"pct":60.24},"branches":{"total":79,"covered":43,"skipped":0,"pct":54.43}}
,"/home/syrokomskyi/projects/warpgogol/werkstatt/packages/forge/os/exploration/exploration.module.ts": {"lines":{"total":4,"covered":0,"skipped":0,"pct":0},"functions":{"total":1,"covered":0,"skipped":0,"pct":0},"statements":{"total":4,"covered":0,"skipped":0,"pct":0},"branches":{"total":0,"covered":0,"skipped":0,"pct":100}}
,"/home/syrokomskyi/projects/warpgogol/werkstatt/packages/forge/os/exploration/frontmatter-io.ts": {"lines":{"total":19,"covered":18,"skipped":0,"pct":94.73},"functions":{"total":5,"covered":5,"skipped":0,"pct":100},"statements":{"total":19,"covered":18,"skipped":0,"pct":94.73},"branches":{"total":11,"covered":7,"skipped":0,"pct":63.63}}
,"/home/syrokomskyi/projects/warpgogol/werkstatt/packages/forge/os/exploration/types.ts": {"lines":{"total":3,"covered":3,"skipped":0,"pct":100},"functions":{"total":0,"covered":0,"skipped":0,"pct":100},"statements":{"total":3,"covered":3,"skipped":0,"pct":100},"branches":{"total":0,"covered":0,"skipped":0,"pct":100}}
,"/home/syrokomskyi/projects/warpgogol/werkstatt/packages/forge/os/exploration/handlers/archive.ts": {"lines":{"total":41,"covered":34,"skipped":0,"pct":82.92},"functions":{"total":3,"covered":3,"skipped":0,"pct":100},"statements":{"total":42,"covered":35,"skipped":0,"pct":83.33},"branches":{"total":28,"covered":20,"skipped":0,"pct":71.42}}
,"/home/syrokomskyi/projects/warpgogol/werkstatt/packages/forge/os/exploration/handlers/list.ts": {"lines":{"total":19,"covered":14,"skipped":0,"pct":73.68},"functions":{"total":1,"covered":1,"skipped":0,"pct":100},"statements":{"total":21,"covered":15,"skipped":0,"pct":71.42},"branches":{"total":20,"covered":12,"skipped":0,"pct":60}}
,"/home/syrokomskyi/projects/warpgogol/werkstatt/packages/forge/os/exploration/handlers/show.ts": {"lines":{"total":24,"covered":16,"skipped":0,"pct":66.66},"functions":{"total":3,"covered":2,"skipped":0,"pct":66.66},"statements":{"total":25,"covered":16,"skipped":0,"pct":64},"branches":{"total":20,"covered":11,"skipped":0,"pct":55}}
,"/home/syrokomskyi/projects/warpgogol/werkstatt/packages/forge/os/mission/mission.module.ts": {"lines":{"total":2,"covered":0,"skipped":0,"pct":0},"functions":{"total":1,"covered":0,"skipped":0,"pct":0},"statements":{"total":2,"covered":0,"skipped":0,"pct":0},"branches":{"total":0,"covered":0,"skipped":0,"pct":100}}
,"/home/syrokomskyi/projects/warpgogol/werkstatt/packages/forge/os/mission/types.ts": {"lines":{"total":3,"covered":3,"skipped":0,"pct":100},"functions":{"total":0,"covered":0,"skipped":0,"pct":100},"statements":{"total":3,"covered":3,"skipped":0,"pct":100},"branches":{"total":0,"covered":0,"skipped":0,"pct":100}}
,"/home/syrokomskyi/projects/warpgogol/werkstatt/packages/forge/os/mission/handlers/archive.ts": {"lines":{"total":179,"covered":150,"skipped":0,"pct":83.79},"functions":{"total":16,"covered":16,"skipped":0,"pct":100},"statements":{"total":195,"covered":165,"skipped":0,"pct":84.61},"branches":{"total":132,"covered":96,"skipped":0,"pct":72.72}}
,"/home/syrokomskyi/projects/warpgogol/werkstatt/packages/forge/os/naming/naming-convention.ts": {"lines":{"total":107,"covered":73,"skipped":0,"pct":68.22},"functions":{"total":14,"covered":14,"skipped":0,"pct":100},"statements":{"total":124,"covered":80,"skipped":0,"pct":64.51},"branches":{"total":90,"covered":41,"skipped":0,"pct":45.55}}
,"/home/syrokomskyi/projects/warpgogol/werkstatt/packages/forge/os/naming/naming.module.ts": {"lines":{"total":2,"covered":0,"skipped":0,"pct":0},"functions":{"total":1,"covered":0,"skipped":0,"pct":0},"statements":{"total":2,"covered":0,"skipped":0,"pct":0},"branches":{"total":0,"covered":0,"skipped":0,"pct":100}}
,"/home/syrokomskyi/projects/warpgogol/werkstatt/packages/forge/os/notes/notes.module.ts": {"lines":{"total":10,"covered":0,"skipped":0,"pct":0},"functions":{"total":4,"covered":0,"skipped":0,"pct":0},"statements":{"total":10,"covered":0,"skipped":0,"pct":0},"branches":{"total":0,"covered":0,"skipped":0,"pct":100}}
,"/home/syrokomskyi/projects/warpgogol/werkstatt/packages/forge/os/plan/frontmatter-io.ts": {"lines":{"total":22,"covered":0,"skipped":0,"pct":0},"functions":{"total":5,"covered":0,"skipped":0,"pct":0},"statements":{"total":22,"covered":0,"skipped":0,"pct":0},"branches":{"total":19,"covered":0,"skipped":0,"pct":0}}
,"/home/syrokomskyi/projects/warpgogol/werkstatt/packages/forge/os/plan/plan.module.ts": {"lines":{"total":2,"covered":0,"skipped":0,"pct":0},"functions":{"total":1,"covered":0,"skipped":0,"pct":0},"statements":{"total":2,"covered":0,"skipped":0,"pct":0},"branches":{"total":0,"covered":0,"skipped":0,"pct":100}}
,"/home/syrokomskyi/projects/warpgogol/werkstatt/packages/forge/os/plan/types.ts": {"lines":{"total":2,"covered":0,"skipped":0,"pct":0},"functions":{"total":0,"covered":0,"skipped":0,"pct":100},"statements":{"total":2,"covered":0,"skipped":0,"pct":0},"branches":{"total":0,"covered":0,"skipped":0,"pct":100}}
,"/home/syrokomskyi/projects/warpgogol/werkstatt/packages/forge/os/plan/handlers/archive.ts": {"lines":{"total":83,"covered":0,"skipped":0,"pct":0},"functions":{"total":1,"covered":0,"skipped":0,"pct":0},"statements":{"total":83,"covered":0,"skipped":0,"pct":0},"branches":{"total":57,"covered":0,"skipped":0,"pct":0}}
,"/home/syrokomskyi/projects/warpgogol/werkstatt/packages/forge/os/plugin/plugin.module.ts": {"lines":{"total":56,"covered":0,"skipped":0,"pct":0},"functions":{"total":4,"covered":0,"skipped":0,"pct":0},"statements":{"total":58,"covered":0,"skipped":0,"pct":0},"branches":{"total":22,"covered":0,"skipped":0,"pct":0}}
,"/home/syrokomskyi/projects/warpgogol/werkstatt/packages/forge/os/program/discovery.ts": {"lines":{"total":71,"covered":24,"skipped":0,"pct":33.8},"functions":{"total":19,"covered":8,"skipped":0,"pct":42.1},"statements":{"total":79,"covered":27,"skipped":0,"pct":34.17},"branches":{"total":34,"covered":12,"skipped":0,"pct":35.29}}
,"/home/syrokomskyi/projects/warpgogol/werkstatt/packages/forge/os/program/lease.ts": {"lines":{"total":42,"covered":41,"skipped":0,"pct":97.61},"functions":{"total":10,"covered":10,"skipped":0,"pct":100},"statements":{"total":46,"covered":43,"skipped":0,"pct":93.47},"branches":{"total":20,"covered":16,"skipped":0,"pct":80}}
,"/home/syrokomskyi/projects/warpgogol/werkstatt/packages/forge/os/program/program.module.ts": {"lines":{"total":5,"covered":0,"skipped":0,"pct":0},"functions":{"total":1,"covered":0,"skipped":0,"pct":0},"statements":{"total":5,"covered":0,"skipped":0,"pct":0},"branches":{"total":0,"covered":0,"skipped":0,"pct":100}}
,"/home/syrokomskyi/projects/warpgogol/werkstatt/packages/forge/os/program/schemas.ts": {"lines":{"total":16,"covered":16,"skipped":0,"pct":100},"functions":{"total":0,"covered":0,"skipped":0,"pct":100},"statements":{"total":16,"covered":16,"skipped":0,"pct":100},"branches":{"total":0,"covered":0,"skipped":0,"pct":100}}
,"/home/syrokomskyi/projects/warpgogol/werkstatt/packages/forge/os/program/state.ts": {"lines":{"total":50,"covered":17,"skipped":0,"pct":34},"functions":{"total":4,"covered":2,"skipped":0,"pct":50},"statements":{"total":51,"covered":18,"skipped":0,"pct":35.29},"branches":{"total":52,"covered":18,"skipped":0,"pct":34.61}}
,"/home/syrokomskyi/projects/warpgogol/werkstatt/packages/forge/os/program/handlers/complete.ts": {"lines":{"total":113,"covered":0,"skipped":0,"pct":0},"functions":{"total":8,"covered":0,"skipped":0,"pct":0},"statements":{"total":117,"covered":0,"skipped":0,"pct":0},"branches":{"total":61,"covered":0,"skipped":0,"pct":0}}
,"/home/syrokomskyi/projects/warpgogol/werkstatt/packages/forge/os/program/handlers/lease.ts": {"lines":{"total":105,"covered":0,"skipped":0,"pct":0},"functions":{"total":9,"covered":0,"skipped":0,"pct":0},"statements":{"total":110,"covered":0,"skipped":0,"pct":0},"branches":{"total":62,"covered":0,"skipped":0,"pct":0}}
,"/home/syrokomskyi/projects/warpgogol/werkstatt/packages/forge/os/program/handlers/seal.ts": {"lines":{"total":99,"covered":0,"skipped":0,"pct":0},"functions":{"total":7,"covered":0,"skipped":0,"pct":0},"statements":{"total":101,"covered":0,"skipped":0,"pct":0},"branches":{"total":59,"covered":0,"skipped":0,"pct":0}}
,"/home/syrokomskyi/projects/warpgogol/werkstatt/packages/forge/os/program/handlers/validate.ts": {"lines":{"total":39,"covered":0,"skipped":0,"pct":0},"functions":{"total":3,"covered":0,"skipped":0,"pct":0},"statements":{"total":39,"covered":0,"skipped":0,"pct":0},"branches":{"total":28,"covered":0,"skipped":0,"pct":0}}
,"/home/syrokomskyi/projects/warpgogol/werkstatt/packages/forge/os/rfc/acceptance.ts": {"lines":{"total":216,"covered":91,"skipped":0,"pct":42.12},"functions":{"total":18,"covered":6,"skipped":0,"pct":33.33},"statements":{"total":230,"covered":92,"skipped":0,"pct":40},"branches":{"total":165,"covered":66,"skipped":0,"pct":40}}
,"/home/syrokomskyi/projects/warpgogol/werkstatt/packages/forge/os/rfc/decision-log.ts": {"lines":{"total":108,"covered":0,"skipped":0,"pct":0},"functions":{"total":10,"covered":0,"skipped":0,"pct":0},"statements":{"total":121,"covered":0,"skipped":0,"pct":0},"branches":{"total":87,"covered":0,"skipped":0,"pct":0}}
,"/home/syrokomskyi/projects/warpgogol/werkstatt/packages/forge/os/rfc/dna-trace.ts": {"lines":{"total":92,"covered":0,"skipped":0,"pct":0},"functions":{"total":12,"covered":0,"skipped":0,"pct":0},"statements":{"total":101,"covered":0,"skipped":0,"pct":0},"branches":{"total":57,"covered":0,"skipped":0,"pct":0}}
,"/home/syrokomskyi/projects/warpgogol/werkstatt/packages/forge/os/rfc/frontmatter-io.ts": {"lines":{"total":45,"covered":36,"skipped":0,"pct":80},"functions":{"total":7,"covered":6,"skipped":0,"pct":85.71},"statements":{"total":46,"covered":36,"skipped":0,"pct":78.26},"branches":{"total":42,"covered":25,"skipped":0,"pct":59.52}}
,"/home/syrokomskyi/projects/warpgogol/werkstatt/packages/forge/os/rfc/handlers.ts": {"lines":{"total":0,"covered":0,"skipped":0,"pct":100},"functions":{"total":0,"covered":0,"skipped":0,"pct":100},"statements":{"total":0,"covered":0,"skipped":0,"pct":100},"branches":{"total":0,"covered":0,"skipped":0,"pct":100}}
,"/home/syrokomskyi/projects/warpgogol/werkstatt/packages/forge/os/rfc/rfc.module.ts": {"lines":{"total":11,"covered":0,"skipped":0,"pct":0},"functions":{"total":1,"covered":0,"skipped":0,"pct":0},"statements":{"total":11,"covered":0,"skipped":0,"pct":0},"branches":{"total":0,"covered":0,"skipped":0,"pct":100}}
,"/home/syrokomskyi/projects/warpgogol/werkstatt/packages/forge/os/rfc/types.ts": {"lines":{"total":13,"covered":13,"skipped":0,"pct":100},"functions":{"total":0,"covered":0,"skipped":0,"pct":100},"statements":{"total":13,"covered":13,"skipped":0,"pct":100},"branches":{"total":0,"covered":0,"skipped":0,"pct":100}}
,"/home/syrokomskyi/projects/warpgogol/werkstatt/packages/forge/os/rfc/verification-evidence.ts": {"lines":{"total":73,"covered":6,"skipped":0,"pct":8.21},"functions":{"total":12,"covered":4,"skipped":0,"pct":33.33},"statements":{"total":79,"covered":7,"skipped":0,"pct":8.86},"branches":{"total":48,"covered":3,"skipped":0,"pct":6.25}}
,"/home/syrokomskyi/projects/warpgogol/werkstatt/packages/forge/os/rfc/verification-refresh.ts": {"lines":{"total":69,"covered":64,"skipped":0,"pct":92.75},"functions":{"total":6,"covered":5,"skipped":0,"pct":83.33},"statements":{"total":76,"covered":68,"skipped":0,"pct":89.47},"branches":{"total":49,"covered":34,"skipped":0,"pct":69.38}}
,"/home/syrokomskyi/projects/warpgogol/werkstatt/packages/forge/os/rfc/handlers/archive.ts": {"lines":{"total":101,"covered":0,"skipped":0,"pct":0},"functions":{"total":3,"covered":0,"skipped":0,"pct":0},"statements":{"total":103,"covered":0,"skipped":0,"pct":0},"branches":{"total":93,"covered":0,"skipped":0,"pct":0}}
,"/home/syrokomskyi/projects/warpgogol/werkstatt/packages/forge/os/rfc/handlers/check.ts": {"lines":{"total":102,"covered":0,"skipped":0,"pct":0},"functions":{"total":8,"covered":0,"skipped":0,"pct":0},"statements":{"total":116,"covered":0,"skipped":0,"pct":0},"branches":{"total":83,"covered":0,"skipped":0,"pct":0}}
,"/home/syrokomskyi/projects/warpgogol/werkstatt/packages/forge/os/rfc/handlers/implement-stamp.ts": {"lines":{"total":169,"covered":130,"skipped":0,"pct":76.92},"functions":{"total":19,"covered":18,"skipped":0,"pct":94.73},"statements":{"total":176,"covered":135,"skipped":0,"pct":76.7},"branches":{"total":108,"covered":68,"skipped":0,"pct":62.96}}
,"/home/syrokomskyi/projects/warpgogol/werkstatt/packages/forge/os/rfc/handlers/index-graph.ts": {"lines":{"total":80,"covered":0,"skipped":0,"pct":0},"functions":{"total":7,"covered":0,"skipped":0,"pct":0},"statements":{"total":84,"covered":0,"skipped":0,"pct":0},"branches":{"total":80,"covered":0,"skipped":0,"pct":0}}
,"/home/syrokomskyi/projects/warpgogol/werkstatt/packages/forge/os/rfc/handlers/lifecycle.ts": {"lines":{"total":70,"covered":39,"skipped":0,"pct":55.71},"functions":{"total":11,"covered":4,"skipped":0,"pct":36.36},"statements":{"total":77,"covered":39,"skipped":0,"pct":50.64},"branches":{"total":72,"covered":26,"skipped":0,"pct":36.11}}
,"/home/syrokomskyi/projects/warpgogol/werkstatt/packages/forge/os/rfc/handlers/list-create.ts": {"lines":{"total":126,"covered":0,"skipped":0,"pct":0},"functions":{"total":7,"covered":0,"skipped":0,"pct":0},"statements":{"total":135,"covered":0,"skipped":0,"pct":0},"branches":{"total":95,"covered":0,"skipped":0,"pct":0}}
,"/home/syrokomskyi/projects/warpgogol/werkstatt/packages/forge/os/rfc/handlers/pipeline-status.ts": {"lines":{"total":54,"covered":0,"skipped":0,"pct":0},"functions":{"total":8,"covered":0,"skipped":0,"pct":0},"statements":{"total":60,"covered":0,"skipped":0,"pct":0},"branches":{"total":44,"covered":0,"skipped":0,"pct":0}}
,"/home/syrokomskyi/projects/warpgogol/werkstatt/packages/forge/os/rfc/handlers/shared.ts": {"lines":{"total":37,"covered":10,"skipped":0,"pct":27.02},"functions":{"total":6,"covered":3,"skipped":0,"pct":50},"statements":{"total":46,"covered":10,"skipped":0,"pct":21.73},"branches":{"total":23,"covered":6,"skipped":0,"pct":26.08}}
,"/home/syrokomskyi/projects/warpgogol/werkstatt/packages/forge/os/rfc/handlers/supersede-propose.ts": {"lines":{"total":106,"covered":0,"skipped":0,"pct":0},"functions":{"total":6,"covered":0,"skipped":0,"pct":0},"statements":{"total":112,"covered":0,"skipped":0,"pct":0},"branches":{"total":46,"covered":0,"skipped":0,"pct":0}}
,"/home/syrokomskyi/projects/warpgogol/werkstatt/packages/forge/os/rfc/handlers/validate-rules.ts": {"lines":{"total":462,"covered":364,"skipped":0,"pct":78.78},"functions":{"total":28,"covered":26,"skipped":0,"pct":92.85},"statements":{"total":485,"covered":378,"skipped":0,"pct":77.93},"branches":{"total":416,"covered":271,"skipped":0,"pct":65.14}}
,"/home/syrokomskyi/projects/warpgogol/werkstatt/packages/forge/os/rfc/handlers/validate.ts": {"lines":{"total":68,"covered":0,"skipped":0,"pct":0},"functions":{"total":10,"covered":0,"skipped":0,"pct":0},"statements":{"total":76,"covered":0,"skipped":0,"pct":0},"branches":{"total":55,"covered":0,"skipped":0,"pct":0}}
,"/home/syrokomskyi/projects/warpgogol/werkstatt/packages/forge/os/session/atif-parser.ts": {"lines":{"total":56,"covered":29,"skipped":0,"pct":51.78},"functions":{"total":5,"covered":5,"skipped":0,"pct":100},"statements":{"total":59,"covered":31,"skipped":0,"pct":52.54},"branches":{"total":44,"covered":9,"skipped":0,"pct":20.45}}
,"/home/syrokomskyi/projects/warpgogol/werkstatt/packages/forge/os/session/frontmatter-io.ts": {"lines":{"total":51,"covered":42,"skipped":0,"pct":82.35},"functions":{"total":8,"covered":8,"skipped":0,"pct":100},"statements":{"total":51,"covered":42,"skipped":0,"pct":82.35},"branches":{"total":37,"covered":23,"skipped":0,"pct":62.16}}
,"/home/syrokomskyi/projects/warpgogol/werkstatt/packages/forge/os/session/session.module.ts": {"lines":{"total":5,"covered":0,"skipped":0,"pct":0},"functions":{"total":1,"covered":0,"skipped":0,"pct":0},"statements":{"total":5,"covered":0,"skipped":0,"pct":0},"branches":{"total":0,"covered":0,"skipped":0,"pct":100}}
,"/home/syrokomskyi/projects/warpgogol/werkstatt/packages/forge/os/session/types.ts": {"lines":{"total":10,"covered":10,"skipped":0,"pct":100},"functions":{"total":0,"covered":0,"skipped":0,"pct":100},"statements":{"total":10,"covered":10,"skipped":0,"pct":100},"branches":{"total":0,"covered":0,"skipped":0,"pct":100}}
,"/home/syrokomskyi/projects/warpgogol/werkstatt/packages/forge/os/session/handlers/archive.ts": {"lines":{"total":102,"covered":69,"skipped":0,"pct":67.64},"functions":{"total":3,"covered":3,"skipped":0,"pct":100},"statements":{"total":103,"covered":69,"skipped":0,"pct":66.99},"branches":{"total":62,"covered":29,"skipped":0,"pct":46.77}}
,"/home/syrokomskyi/projects/warpgogol/werkstatt/packages/forge/os/session/handlers/list.ts": {"lines":{"total":69,"covered":47,"skipped":0,"pct":68.11},"functions":{"total":3,"covered":3,"skipped":0,"pct":100},"statements":{"total":83,"covered":51,"skipped":0,"pct":61.44},"branches":{"total":86,"covered":38,"skipped":0,"pct":44.18}}
,"/home/syrokomskyi/projects/warpgogol/werkstatt/packages/forge/os/session/handlers/save.ts": {"lines":{"total":111,"covered":94,"skipped":0,"pct":84.68},"functions":{"total":13,"covered":13,"skipped":0,"pct":100},"statements":{"total":118,"covered":99,"skipped":0,"pct":83.89},"branches":{"total":62,"covered":41,"skipped":0,"pct":66.12}}
,"/home/syrokomskyi/projects/warpgogol/werkstatt/packages/forge/os/session/handlers/validate.ts": {"lines":{"total":81,"covered":59,"skipped":0,"pct":72.83},"functions":{"total":10,"covered":7,"skipped":0,"pct":70},"statements":{"total":90,"covered":63,"skipped":0,"pct":70},"branches":{"total":82,"covered":54,"skipped":0,"pct":65.85}}
,"/home/syrokomskyi/projects/warpgogol/werkstatt/packages/forge/os/spec/live-spec-list.ts": {"lines":{"total":23,"covered":18,"skipped":0,"pct":78.26},"functions":{"total":2,"covered":1,"skipped":0,"pct":50},"statements":{"total":26,"covered":18,"skipped":0,"pct":69.23},"branches":{"total":26,"covered":15,"skipped":0,"pct":57.69}}
,"/home/syrokomskyi/projects/warpgogol/werkstatt/packages/forge/os/spec/live-spec-merge.ts": {"lines":{"total":125,"covered":116,"skipped":0,"pct":92.8},"functions":{"total":15,"covered":15,"skipped":0,"pct":100},"statements":{"total":131,"covered":118,"skipped":0,"pct":90.07},"branches":{"total":88,"covered":59,"skipped":0,"pct":67.04}}
,"/home/syrokomskyi/projects/warpgogol/werkstatt/packages/forge/os/spec/live-spec-show.ts": {"lines":{"total":21,"covered":15,"skipped":0,"pct":71.42},"functions":{"total":1,"covered":1,"skipped":0,"pct":100},"statements":{"total":21,"covered":15,"skipped":0,"pct":71.42},"branches":{"total":26,"covered":16,"skipped":0,"pct":61.53}}
,"/home/syrokomskyi/projects/warpgogol/werkstatt/packages/forge/os/spec/live-spec-types.ts": {"lines":{"total":0,"covered":0,"skipped":0,"pct":100},"functions":{"total":0,"covered":0,"skipped":0,"pct":100},"statements":{"total":0,"covered":0,"skipped":0,"pct":100},"branches":{"total":0,"covered":0,"skipped":0,"pct":100}}
,"/home/syrokomskyi/projects/warpgogol/werkstatt/packages/forge/os/spec/live-spec-validate.ts": {"lines":{"total":59,"covered":48,"skipped":0,"pct":81.35},"functions":{"total":2,"covered":2,"skipped":0,"pct":100},"statements":{"total":60,"covered":49,"skipped":0,"pct":81.66},"branches":{"total":65,"covered":46,"skipped":0,"pct":70.76}}
,"/home/syrokomskyi/projects/warpgogol/werkstatt/packages/forge/os/spec/spec-materialize.ts": {"lines":{"total":142,"covered":0,"skipped":0,"pct":0},"functions":{"total":16,"covered":0,"skipped":0,"pct":0},"statements":{"total":157,"covered":0,"skipped":0,"pct":0},"branches":{"total":70,"covered":0,"skipped":0,"pct":0}}
,"/home/syrokomskyi/projects/warpgogol/werkstatt/packages/forge/os/spec/spec-schema.ts": {"lines":{"total":16,"covered":7,"skipped":0,"pct":43.75},"functions":{"total":4,"covered":0,"skipped":0,"pct":0},"statements":{"total":20,"covered":7,"skipped":0,"pct":35},"branches":{"total":8,"covered":0,"skipped":0,"pct":0}}
,"/home/syrokomskyi/projects/warpgogol/werkstatt/packages/forge/os/spec/spec-status.ts": {"lines":{"total":107,"covered":0,"skipped":0,"pct":0},"functions":{"total":19,"covered":0,"skipped":0,"pct":0},"statements":{"total":129,"covered":0,"skipped":0,"pct":0},"branches":{"total":56,"covered":0,"skipped":0,"pct":0}}
,"/home/syrokomskyi/projects/warpgogol/werkstatt/packages/forge/os/spec/spec-validate.ts": {"lines":{"total":182,"covered":103,"skipped":0,"pct":56.59},"functions":{"total":27,"covered":22,"skipped":0,"pct":81.48},"statements":{"total":199,"covered":111,"skipped":0,"pct":55.77},"branches":{"total":94,"covered":21,"skipped":0,"pct":22.34}}
,"/home/syrokomskyi/projects/warpgogol/werkstatt/packages/forge/os/spec/spec.module.ts": {"lines":{"total":8,"covered":0,"skipped":0,"pct":0},"functions":{"total":1,"covered":0,"skipped":0,"pct":0},"statements":{"total":8,"covered":0,"skipped":0,"pct":0},"branches":{"total":0,"covered":0,"skipped":0,"pct":100}}
,"/home/syrokomskyi/projects/warpgogol/werkstatt/packages/forge/os/werkstatt/werkstatt.module.ts": {"lines":{"total":1,"covered":0,"skipped":0,"pct":0},"functions":{"total":0,"covered":0,"skipped":0,"pct":100},"statements":{"total":1,"covered":0,"skipped":0,"pct":0},"branches":{"total":0,"covered":0,"skipped":0,"pct":100}}
,"/home/syrokomskyi/projects/warpgogol/werkstatt/packages/forge/os/werkstatt/handlers/lock.ts": {"lines":{"total":70,"covered":68,"skipped":0,"pct":97.14},"functions":{"total":9,"covered":9,"skipped":0,"pct":100},"statements":{"total":78,"covered":75,"skipped":0,"pct":96.15},"branches":{"total":40,"covered":37,"skipped":0,"pct":92.5}}
,"/home/syrokomskyi/projects/warpgogol/werkstatt/packages/forge/os/werkstatt/handlers/schema.ts": {"lines":{"total":2,"covered":2,"skipped":0,"pct":100},"functions":{"total":0,"covered":0,"skipped":0,"pct":100},"statements":{"total":2,"covered":2,"skipped":0,"pct":100},"branches":{"total":0,"covered":0,"skipped":0,"pct":100}}
,"/home/syrokomskyi/projects/warpgogol/werkstatt/packages/forge/os/werkstatt/handlers/werkstatt-lock-recover.ts": {"lines":{"total":65,"covered":0,"skipped":0,"pct":0},"functions":{"total":4,"covered":0,"skipped":0,"pct":0},"statements":{"total":67,"covered":0,"skipped":0,"pct":0},"branches":{"total":29,"covered":0,"skipped":0,"pct":0}}
,"/home/syrokomskyi/projects/warpgogol/werkstatt/packages/forge/os/werkstatt/handlers/werkstatt-lock-status.ts": {"lines":{"total":8,"covered":0,"skipped":0,"pct":0},"functions":{"total":3,"covered":0,"skipped":0,"pct":0},"statements":{"total":9,"covered":0,"skipped":0,"pct":0},"branches":{"total":6,"covered":0,"skipped":0,"pct":0}}
,"/home/syrokomskyi/projects/warpgogol/werkstatt/packages/forge/os/werkstatt/handlers/werkstatt-operation-validate.ts": {"lines":{"total":30,"covered":0,"skipped":0,"pct":0},"functions":{"total":2,"covered":0,"skipped":0,"pct":0},"statements":{"total":35,"covered":0,"skipped":0,"pct":0},"branches":{"total":25,"covered":0,"skipped":0,"pct":0}}
,"/home/syrokomskyi/projects/warpgogol/werkstatt/packages/forge/os/werkstatt/handlers/workspace-deps.ts": {"lines":{"total":11,"covered":9,"skipped":0,"pct":81.81},"functions":{"total":1,"covered":1,"skipped":0,"pct":100},"statements":{"total":13,"covered":10,"skipped":0,"pct":76.92},"branches":{"total":4,"covered":3,"skipped":0,"pct":75}}
,"/home/syrokomskyi/projects/warpgogol/werkstatt/packages/forge/os/workflow/handlers.ts": {"lines":{"total":63,"covered":0,"skipped":0,"pct":0},"functions":{"total":17,"covered":0,"skipped":0,"pct":0},"statements":{"total":71,"covered":0,"skipped":0,"pct":0},"branches":{"total":73,"covered":0,"skipped":0,"pct":0}}
,"/home/syrokomskyi/projects/warpgogol/werkstatt/packages/forge/os/workflow/types.ts": {"lines":{"total":2,"covered":0,"skipped":0,"pct":0},"functions":{"total":0,"covered":0,"skipped":0,"pct":100},"statements":{"total":2,"covered":0,"skipped":0,"pct":0},"branches":{"total":0,"covered":0,"skipped":0,"pct":100}}
,"/home/syrokomskyi/projects/warpgogol/werkstatt/packages/forge/os/workflow/workflow.module.ts": {"lines":{"total":2,"covered":0,"skipped":0,"pct":0},"functions":{"total":1,"covered":0,"skipped":0,"pct":0},"statements":{"total":2,"covered":0,"skipped":0,"pct":0},"branches":{"total":0,"covered":0,"skipped":0,"pct":100}}
,"/home/syrokomskyi/projects/warpgogol/werkstatt/packages/forge/src/cli-output.ts": {"lines":{"total":14,"covered":14,"skipped":0,"pct":100},"functions":{"total":5,"covered":5,"skipped":0,"pct":100},"statements":{"total":16,"covered":16,"skipped":0,"pct":100},"branches":{"total":8,"covered":7,"skipped":0,"pct":87.5}}
,"/home/syrokomskyi/projects/warpgogol/werkstatt/packages/forge/src/forge-module.ts": {"lines":{"total":0,"covered":0,"skipped":0,"pct":100},"functions":{"total":0,"covered":0,"skipped":0,"pct":100},"statements":{"total":0,"covered":0,"skipped":0,"pct":100},"branches":{"total":0,"covered":0,"skipped":0,"pct":100}}
,"/home/syrokomskyi/projects/warpgogol/werkstatt/packages/forge/src/registry.ts": {"lines":{"total":65,"covered":61,"skipped":0,"pct":93.84},"functions":{"total":9,"covered":9,"skipped":0,"pct":100},"statements":{"total":77,"covered":67,"skipped":0,"pct":87.01},"branches":{"total":36,"covered":27,"skipped":0,"pct":75}}
,"/home/syrokomskyi/projects/warpgogol/werkstatt/packages/forge/src/skill-schema.ts": {"lines":{"total":1,"covered":1,"skipped":0,"pct":100},"functions":{"total":0,"covered":0,"skipped":0,"pct":100},"statements":{"total":1,"covered":1,"skipped":0,"pct":100},"branches":{"total":0,"covered":0,"skipped":0,"pct":100}}
,"/home/syrokomskyi/projects/warpgogol/werkstatt/packages/forge/src/types.ts": {"lines":{"total":0,"covered":0,"skipped":0,"pct":100},"functions":{"total":0,"covered":0,"skipped":0,"pct":100},"statements":{"total":0,"covered":0,"skipped":0,"pct":100},"branches":{"total":0,"covered":0,"skipped":0,"pct":100}}
,"/home/syrokomskyi/projects/warpgogol/werkstatt/packages/forge/src/compass/contract-registry.ts": {"lines":{"total":29,"covered":27,"skipped":0,"pct":93.1},"functions":{"total":7,"covered":7,"skipped":0,"pct":100},"statements":{"total":35,"covered":32,"skipped":0,"pct":91.42},"branches":{"total":12,"covered":11,"skipped":0,"pct":91.66}}
,"/home/syrokomskyi/projects/warpgogol/werkstatt/packages/forge/src/compass/types.ts": {"lines":{"total":0,"covered":0,"skipped":0,"pct":100},"functions":{"total":0,"covered":0,"skipped":0,"pct":100},"statements":{"total":0,"covered":0,"skipped":0,"pct":100},"branches":{"total":0,"covered":0,"skipped":0,"pct":100}}
,"/home/syrokomskyi/projects/warpgogol/werkstatt/packages/forge/src/config/forge-config.ts": {"lines":{"total":81,"covered":78,"skipped":0,"pct":96.29},"functions":{"total":13,"covered":13,"skipped":0,"pct":100},"statements":{"total":82,"covered":79,"skipped":0,"pct":96.34},"branches":{"total":52,"covered":48,"skipped":0,"pct":92.3}}
,"/home/syrokomskyi/projects/warpgogol/werkstatt/packages/forge/src/knowledge/budgets.ts": {"lines":{"total":56,"covered":53,"skipped":0,"pct":94.64},"functions":{"total":3,"covered":3,"skipped":0,"pct":100},"statements":{"total":56,"covered":53,"skipped":0,"pct":94.64},"branches":{"total":42,"covered":33,"skipped":0,"pct":78.57}}
,"/home/syrokomskyi/projects/warpgogol/werkstatt/packages/forge/src/knowledge/compact.ts": {"lines":{"total":116,"covered":111,"skipped":0,"pct":95.68},"functions":{"total":9,"covered":9,"skipped":0,"pct":100},"statements":{"total":119,"covered":113,"skipped":0,"pct":94.95},"branches":{"total":70,"covered":67,"skipped":0,"pct":95.71}}
,"/home/syrokomskyi/projects/warpgogol/werkstatt/packages/forge/src/knowledge/parse.ts": {"lines":{"total":82,"covered":74,"skipped":0,"pct":90.24},"functions":{"total":2,"covered":2,"skipped":0,"pct":100},"statements":{"total":83,"covered":75,"skipped":0,"pct":90.36},"branches":{"total":38,"covered":31,"skipped":0,"pct":81.57}}
,"/home/syrokomskyi/projects/warpgogol/werkstatt/packages/forge/src/knowledge/promote.ts": {"lines":{"total":50,"covered":50,"skipped":0,"pct":100},"functions":{"total":10,"covered":10,"skipped":0,"pct":100},"statements":{"total":68,"covered":65,"skipped":0,"pct":95.58},"branches":{"total":54,"covered":45,"skipped":0,"pct":83.33}}
,"/home/syrokomskyi/projects/warpgogol/werkstatt/packages/forge/src/knowledge/schema.ts": {"lines":{"total":15,"covered":14,"skipped":0,"pct":93.33},"functions":{"total":1,"covered":1,"skipped":0,"pct":100},"statements":{"total":15,"covered":14,"skipped":0,"pct":93.33},"branches":{"total":14,"covered":13,"skipped":0,"pct":92.85}}
,"/home/syrokomskyi/projects/warpgogol/werkstatt/packages/forge/src/knowledge/serialize.ts": {"lines":{"total":27,"covered":27,"skipped":0,"pct":100},"functions":{"total":3,"covered":3,"skipped":0,"pct":100},"statements":{"total":31,"covered":31,"skipped":0,"pct":100},"branches":{"total":14,"covered":14,"skipped":0,"pct":100}}
,"/home/syrokomskyi/projects/warpgogol/werkstatt/packages/forge/src/migration-adapters/git-utils.ts": {"lines":{"total":21,"covered":18,"skipped":0,"pct":85.71},"functions":{"total":2,"covered":2,"skipped":0,"pct":100},"statements":{"total":21,"covered":18,"skipped":0,"pct":85.71},"branches":{"total":10,"covered":5,"skipped":0,"pct":50}}
,"/home/syrokomskyi/projects/warpgogol/werkstatt/packages/forge/src/migration-adapters/ignored-files.ts": {"lines":{"total":84,"covered":75,"skipped":0,"pct":89.28},"functions":{"total":32,"covered":25,"skipped":0,"pct":78.12},"statements":{"total":88,"covered":79,"skipped":0,"pct":89.77},"branches":{"total":62,"covered":47,"skipped":0,"pct":75.8}}
,"/home/syrokomskyi/projects/warpgogol/werkstatt/packages/forge/src/migration-adapters/registry.ts": {"lines":{"total":19,"covered":15,"skipped":0,"pct":78.94},"functions":{"total":5,"covered":5,"skipped":0,"pct":100},"statements":{"total":20,"covered":16,"skipped":0,"pct":80},"branches":{"total":6,"covered":4,"skipped":0,"pct":66.66}}
,"/home/syrokomskyi/projects/warpgogol/werkstatt/packages/forge/src/migration-adapters/types.ts": {"lines":{"total":2,"covered":2,"skipped":0,"pct":100},"functions":{"total":0,"covered":0,"skipped":0,"pct":100},"statements":{"total":2,"covered":2,"skipped":0,"pct":100},"branches":{"total":0,"covered":0,"skipped":0,"pct":100}}
,"/home/syrokomskyi/projects/warpgogol/werkstatt/packages/forge/src/onboarding/agents-generate.ts": {"lines":{"total":167,"covered":144,"skipped":0,"pct":86.22},"functions":{"total":13,"covered":10,"skipped":0,"pct":76.92},"statements":{"total":174,"covered":147,"skipped":0,"pct":84.48},"branches":{"total":78,"covered":59,"skipped":0,"pct":75.64}}
,"/home/syrokomskyi/projects/warpgogol/werkstatt/packages/forge/src/onboarding/create.ts": {"lines":{"total":148,"covered":106,"skipped":0,"pct":71.62},"functions":{"total":5,"covered":5,"skipped":0,"pct":100},"statements":{"total":151,"covered":108,"skipped":0,"pct":71.52},"branches":{"total":116,"covered":56,"skipped":0,"pct":48.27}}
,"/home/syrokomskyi/projects/warpgogol/werkstatt/packages/forge/src/onboarding/doctor.ts": {"lines":{"total":539,"covered":371,"skipped":0,"pct":68.83},"functions":{"total":57,"covered":35,"skipped":0,"pct":61.4},"statements":{"total":591,"covered":394,"skipped":0,"pct":66.66},"branches":{"total":384,"covered":186,"skipped":0,"pct":48.43}}
,"/home/syrokomskyi/projects/warpgogol/werkstatt/packages/forge/src/onboarding/init.ts": {"lines":{"total":169,"covered":158,"skipped":0,"pct":93.49},"functions":{"total":3,"covered":3,"skipped":0,"pct":100},"statements":{"total":174,"covered":160,"skipped":0,"pct":91.95},"branches":{"total":94,"covered":79,"skipped":0,"pct":84.04}}
,"/home/syrokomskyi/projects/warpgogol/werkstatt/packages/forge/src/onboarding/invariant-engine.ts": {"lines":{"total":164,"covered":144,"skipped":0,"pct":87.8},"functions":{"total":14,"covered":13,"skipped":0,"pct":92.85},"statements":{"total":178,"covered":152,"skipped":0,"pct":85.39},"branches":{"total":93,"covered":79,"skipped":0,"pct":84.94}}
,"/home/syrokomskyi/projects/warpgogol/werkstatt/packages/forge/src/onboarding/memory-scaffold.ts": {"lines":{"total":64,"covered":63,"skipped":0,"pct":98.43},"functions":{"total":6,"covered":6,"skipped":0,"pct":100},"statements":{"total":65,"covered":64,"skipped":0,"pct":98.46},"branches":{"total":24,"covered":22,"skipped":0,"pct":91.66}}
,"/home/syrokomskyi/projects/warpgogol/werkstatt/packages/forge/src/onboarding/nested-agents-generate.ts": {"lines":{"total":29,"covered":28,"skipped":0,"pct":96.55},"functions":{"total":3,"covered":3,"skipped":0,"pct":100},"statements":{"total":30,"covered":29,"skipped":0,"pct":96.66},"branches":{"total":6,"covered":6,"skipped":0,"pct":100}}
,"/home/syrokomskyi/projects/warpgogol/werkstatt/packages/forge/src/onboarding/nested-agents-templates.ts": {"lines":{"total":96,"covered":85,"skipped":0,"pct":88.54},"functions":{"total":8,"covered":6,"skipped":0,"pct":75},"statements":{"total":103,"covered":91,"skipped":0,"pct":88.34},"branches":{"total":56,"covered":45,"skipped":0,"pct":80.35}}
,"/home/syrokomskyi/projects/warpgogol/werkstatt/packages/forge/src/onboarding/profile-validate.ts": {"lines":{"total":47,"covered":34,"skipped":0,"pct":72.34},"functions":{"total":4,"covered":3,"skipped":0,"pct":75},"statements":{"total":51,"covered":36,"skipped":0,"pct":70.58},"branches":{"total":39,"covered":23,"skipped":0,"pct":58.97}}
,"/home/syrokomskyi/projects/warpgogol/werkstatt/packages/forge/src/onboarding/scaffold-project.ts": {"lines":{"total":132,"covered":90,"skipped":0,"pct":68.18},"functions":{"total":8,"covered":4,"skipped":0,"pct":50},"statements":{"total":140,"covered":91,"skipped":0,"pct":65},"branches":{"total":88,"covered":39,"skipped":0,"pct":44.31}}
,"/home/syrokomskyi/projects/warpgogol/werkstatt/packages/forge/src/onboarding/scaffold.ts": {"lines":{"total":39,"covered":0,"skipped":0,"pct":0},"functions":{"total":4,"covered":0,"skipped":0,"pct":0},"statements":{"total":41,"covered":0,"skipped":0,"pct":0},"branches":{"total":20,"covered":0,"skipped":0,"pct":0}}
,"/home/syrokomskyi/projects/warpgogol/werkstatt/packages/forge/src/onboarding/upgrade.ts": {"lines":{"total":174,"covered":145,"skipped":0,"pct":83.33},"functions":{"total":12,"covered":12,"skipped":0,"pct":100},"statements":{"total":182,"covered":148,"skipped":0,"pct":81.31},"branches":{"total":92,"covered":65,"skipped":0,"pct":70.65}}
,"/home/syrokomskyi/projects/warpgogol/werkstatt/packages/forge/src/onboarding/workspace-discovery.ts": {"lines":{"total":52,"covered":51,"skipped":0,"pct":98.07},"functions":{"total":6,"covered":6,"skipped":0,"pct":100},"statements":{"total":60,"covered":59,"skipped":0,"pct":98.33},"branches":{"total":40,"covered":39,"skipped":0,"pct":97.5}}
,"/home/syrokomskyi/projects/warpgogol/werkstatt/packages/forge/src/plugin/forge-plugin-manifest.ts": {"lines":{"total":6,"covered":6,"skipped":0,"pct":100},"functions":{"total":0,"covered":0,"skipped":0,"pct":100},"statements":{"total":6,"covered":6,"skipped":0,"pct":100},"branches":{"total":0,"covered":0,"skipped":0,"pct":100}}
,"/home/syrokomskyi/projects/warpgogol/werkstatt/packages/forge/src/profiles/profile-schema.ts": {"lines":{"total":15,"covered":15,"skipped":0,"pct":100},"functions":{"total":2,"covered":2,"skipped":0,"pct":100},"statements":{"total":15,"covered":15,"skipped":0,"pct":100},"branches":{"total":8,"covered":8,"skipped":0,"pct":100}}
,"/home/syrokomskyi/projects/warpgogol/werkstatt/packages/forge/src/profiles/stack-profile.ts": {"lines":{"total":38,"covered":37,"skipped":0,"pct":97.36},"functions":{"total":8,"covered":8,"skipped":0,"pct":100},"statements":{"total":39,"covered":38,"skipped":0,"pct":97.43},"branches":{"total":14,"covered":14,"skipped":0,"pct":100}}
,"/home/syrokomskyi/projects/warpgogol/werkstatt/packages/forge/src/profiles/terminology-utils.ts": {"lines":{"total":7,"covered":7,"skipped":0,"pct":100},"functions":{"total":1,"covered":1,"skipped":0,"pct":100},"statements":{"total":7,"covered":7,"skipped":0,"pct":100},"branches":{"total":2,"covered":2,"skipped":0,"pct":100}}
,"/home/syrokomskyi/projects/warpgogol/werkstatt/packages/forge/src/utils/fs-atomic.ts": {"lines":{"total":34,"covered":32,"skipped":0,"pct":94.11},"functions":{"total":6,"covered":6,"skipped":0,"pct":100},"statements":{"total":36,"covered":33,"skipped":0,"pct":91.66},"branches":{"total":18,"covered":15,"skipped":0,"pct":83.33}}
,"/home/syrokomskyi/projects/warpgogol/werkstatt/packages/forge/src/utils/fs-idempotent.ts": {"lines":{"total":10,"covered":10,"skipped":0,"pct":100},"functions":{"total":1,"covered":1,"skipped":0,"pct":100},"statements":{"total":10,"covered":10,"skipped":0,"pct":100},"branches":{"total":6,"covered":6,"skipped":0,"pct":100}}
,"/home/syrokomskyi/projects/warpgogol/werkstatt/packages/forge/src/utils/fs-trash-sync.ts": {"lines":{"total":7,"covered":3,"skipped":0,"pct":42.85},"functions":{"total":1,"covered":1,"skipped":0,"pct":100},"statements":{"total":8,"covered":3,"skipped":0,"pct":37.5},"branches":{"total":6,"covered":2,"skipped":0,"pct":33.33}}
,"/home/syrokomskyi/projects/warpgogol/werkstatt/packages/forge/src/utils/fs-trash.ts": {"lines":{"total":3,"covered":3,"skipped":0,"pct":100},"functions":{"total":1,"covered":1,"skipped":0,"pct":100},"statements":{"total":4,"covered":4,"skipped":0,"pct":100},"branches":{"total":2,"covered":2,"skipped":0,"pct":100}}
,"/home/syrokomskyi/projects/warpgogol/werkstatt/packages/forge/src/utils/fs.ts": {"lines":{"total":22,"covered":22,"skipped":0,"pct":100},"functions":{"total":5,"covered":5,"skipped":0,"pct":100},"statements":{"total":27,"covered":26,"skipped":0,"pct":96.29},"branches":{"total":17,"covered":16,"skipped":0,"pct":94.11}}
,"/home/syrokomskyi/projects/warpgogol/werkstatt/packages/forge/src/utils/generated-marker.ts": {"lines":{"total":51,"covered":47,"skipped":0,"pct":92.15},"functions":{"total":12,"covered":12,"skipped":0,"pct":100},"statements":{"total":58,"covered":54,"skipped":0,"pct":93.1},"branches":{"total":36,"covered":33,"skipped":0,"pct":91.66}}
,"/home/syrokomskyi/projects/warpgogol/werkstatt/packages/forge/src/utils/hash.ts": {"lines":{"total":2,"covered":2,"skipped":0,"pct":100},"functions":{"total":1,"covered":1,"skipped":0,"pct":100},"statements":{"total":2,"covered":2,"skipped":0,"pct":100},"branches":{"total":2,"covered":2,"skipped":0,"pct":100}}
,"/home/syrokomskyi/projects/warpgogol/werkstatt/packages/forge/src/utils/string-utils.ts": {"lines":{"total":1,"covered":1,"skipped":0,"pct":100},"functions":{"total":1,"covered":1,"skipped":0,"pct":100},"statements":{"total":1,"covered":1,"skipped":0,"pct":100},"branches":{"total":0,"covered":0,"skipped":0,"pct":100}}
,"/home/syrokomskyi/projects/warpgogol/werkstatt/packages/forge/src/validators/note-frontmatter-validate.ts": {"lines":{"total":42,"covered":38,"skipped":0,"pct":90.47},"functions":{"total":3,"covered":3,"skipped":0,"pct":100},"statements":{"total":44,"covered":39,"skipped":0,"pct":88.63},"branches":{"total":33,"covered":26,"skipped":0,"pct":78.78}}
,"/home/syrokomskyi/projects/warpgogol/werkstatt/packages/forge/src/validators/note-link-validate.ts": {"lines":{"total":47,"covered":46,"skipped":0,"pct":97.87},"functions":{"total":2,"covered":2,"skipped":0,"pct":100},"statements":{"total":51,"covered":48,"skipped":0,"pct":94.11},"branches":{"total":34,"covered":25,"skipped":0,"pct":73.52}}
,"/home/syrokomskyi/projects/warpgogol/werkstatt/packages/forge/src/validators/note-orphan-detect.ts": {"lines":{"total":51,"covered":50,"skipped":0,"pct":98.03},"functions":{"total":2,"covered":2,"skipped":0,"pct":100},"statements":{"total":54,"covered":51,"skipped":0,"pct":94.44},"branches":{"total":34,"covered":26,"skipped":0,"pct":76.47}}
,"/home/syrokomskyi/projects/warpgogol/werkstatt/packages/forge/src/validators/port-validate.ts": {"lines":{"total":27,"covered":0,"skipped":0,"pct":0},"functions":{"total":3,"covered":0,"skipped":0,"pct":0},"statements":{"total":28,"covered":0,"skipped":0,"pct":0},"branches":{"total":18,"covered":0,"skipped":0,"pct":0}}
,"/home/syrokomskyi/projects/warpgogol/werkstatt/packages/forge/src/validators/skill-validate.ts": {"lines":{"total":252,"covered":32,"skipped":0,"pct":12.69},"functions":{"total":12,"covered":2,"skipped":0,"pct":16.66},"statements":{"total":256,"covered":33,"skipped":0,"pct":12.89},"branches":{"total":132,"covered":5,"skipped":0,"pct":3.78}}
}
